<?xml version="1.0" encoding="UTF-8"?>
<!-- Generated by org.testng.reporters.JUnitReportReporter -->
<testsuite hostname="DESKTOP-HPG8MBS" failures="0" tests="2" name="testCases.TC002_LoginTest3DDT" time="6.148" errors="0" timestamp="2025-05-19T16:04:13 IST" skipped="0">
  <testcase classname="testCases.TC002_LoginTest3DDT" name="verifyLogin" time="3.499"/>
  <testcase classname="testCases.TC002_LoginTest3DDT" name="verifyLogin" time="2.649"/>
</testsuite> <!-- testCases.TC002_LoginTest3DDT -->
