<?xml version="1.0" encoding="UTF-8"?>
<!-- Generated by org.testng.reporters.JUnitReportReporter -->
<testsuite hostname="DESKTOP-HPG8MBS" failures="0" tests="1" name="testCases.TC002_LoginTest2" time="4.624" errors="0" timestamp="2025-05-21T13:03:27 IST" skipped="0">
  <testcase classname="testCases.TC002_LoginTest2" name="verifyLogin" time="4.624"/>
</testsuite> <!-- testCases.TC002_LoginTest2 -->
