<?xml version="1.0" encoding="UTF-8"?>
<!-- Generated by org.testng.reporters.JUnitReportReporter -->
<testsuite hostname="DESKTOP-HPG8MBS" failures="0" tests="1" name="testCases.TC001_AccountRegistrationTest" time="6.550" errors="0" timestamp="2025-05-19T15:11:19 IST" skipped="0">
  <testcase classname="testCases.TC001_AccountRegistrationTest" name="verifyAccountRegistration" time="6.550"/>
</testsuite> <!-- testCases.TC001_AccountRegistrationTest -->
