<?xml version="1.0" encoding="UTF-8"?>
<!-- Generated by org.testng.reporters.JUnitReportReporter -->
<testsuite hostname="DESKTOP-HPG8MBS" failures="0" tests="1" name="testCases.TC001_AccountRegistrationTest" time="8.382" errors="0" timestamp="2025-05-22T12:17:34 IST" skipped="0">
  <testcase classname="testCases.TC001_AccountRegistrationTest" name="verifyAccountRegistration" time="8.382"/>
</testsuite> <!-- testCases.TC001_AccountRegistrationTest -->
