<?xml version="1.0" encoding="UTF-8"?>
<!-- Generated by org.testng.reporters.JUnitReportReporter -->
<testsuite hostname="DESKTOP-HPG8MBS" failures="0" tests="1" name="testCases.TC002_LoginTest2" time="2.757" errors="0" timestamp="2025-05-21T13:17:37 IST" skipped="0">
  <testcase classname="testCases.TC002_LoginTest2" name="verifyLogin" time="2.757"/>
</testsuite> <!-- testCases.TC002_LoginTest2 -->
