<?xml version="1.0" encoding="UTF-8"?>
<!-- Generated by org.testng.reporters.JUnitReportReporter -->
<testsuite hostname="DESKTOP-HPG8MBS" failures="0" tests="1" name="testCases.TC002_LoginTest" time="2.712" errors="0" timestamp="2025-05-22T12:17:34 IST" skipped="0">
  <testcase classname="testCases.TC002_LoginTest" name="verifyLogin" time="2.712"/>
</testsuite> <!-- testCases.TC002_LoginTest -->
